<?xml version="1.0" encoding="UTF-8"?>
<!-- Generated by org.testng.reporters.JUnitReportReporter -->
<testsuite skipped="0" hostname="USBLRSTHANGASA1" name="FirstTry.Check.NewTest" tests="1" failures="0" timestamp="23 Sep 2019 07:07:43 GMT" time="7.075" errors="0">
  <testcase name="testEasy" time="7.075" classname="FirstTry.Check.NewTest"/>
</testsuite> <!-- FirstTry.Check.NewTest -->
