<?xml version="1.0" encoding="UTF-8"?>
<!-- Generated by org.testng.reporters.JUnitReportReporter -->
<testsuite skipped="0" hostname="USBLRSTHANGASA1" name="FirstTry.Check.NewTest" tests="1" failures="0" timestamp="24 Sep 2019 06:25:57 GMT" time="6.025" errors="0">
  <testcase name="testEasy" time="6.025" classname="FirstTry.Check.NewTest"/>
</testsuite> <!-- FirstTry.Check.NewTest -->
